<?xml version="1.0" encoding="UTF-8"?>
<!-- Generated by org.testng.reporters.JUnitReportReporter -->
<testsuite hostname="F2VBET-251" failures="0" tests="1" name="com.qa.runners.MyPixel3TestNGRunnerTest" time="9.697" errors="0" timestamp="2022-04-19T12:27:58 AMT" skipped="0">
  <testcase classname="com.qa.runners.MyPixel3TestNGRunnerTest" name="scenario" time="9.697"/>
  <system-out/>
</testsuite> <!-- com.qa.runners.MyPixel3TestNGRunnerTest -->
